c:\users\dustin\projects\c++\spaceshooter\build\x64\debug\vc140.pdb
c:\users\dustin\projects\c++\spaceshooter\build\x64\debug\vc140.idb
c:\users\dustin\projects\c++\spaceshooter\build\x64\debug\d3d12demobase.obj
c:\users\dustin\projects\c++\spaceshooter\build\x64\debug\indexrendering.obj
c:\users\dustin\projects\c++\spaceshooter\build\x64\debug\spaceshooter.pch
c:\users\dustin\projects\c++\spaceshooter\build\x64\debug\pch.obj
c:\users\dustin\projects\c++\spaceshooter\build\x64\debug\demoutils.obj
c:\users\dustin\projects\c++\spaceshooter\build\x64\debug\win32application.obj
c:\users\dustin\projects\c++\spaceshooter\build\x64\debug\main.obj
c:\users\dustin\projects\c++\spaceshooter\bin\x64\debug\pixelshader.cso
c:\users\dustin\projects\c++\spaceshooter\bin\x64\debug\vertexshader.cso
c:\users\dustin\projects\c++\spaceshooter\bin\x64\debug\spaceshooter.ilk
c:\users\dustin\projects\c++\spaceshooter\bin\x64\debug\spaceshooter.exe
c:\users\dustin\projects\c++\spaceshooter\bin\x64\debug\spaceshooter.pdb
c:\users\dustin\projects\c++\spaceshooter\build\x64\debug\spaceshooter.tlog\cl.command.1.tlog
c:\users\dustin\projects\c++\spaceshooter\build\x64\debug\spaceshooter.tlog\cl.read.1.tlog
c:\users\dustin\projects\c++\spaceshooter\build\x64\debug\spaceshooter.tlog\cl.write.1.tlog
c:\users\dustin\projects\c++\spaceshooter\build\x64\debug\spaceshooter.tlog\fxc.command.1.tlog
c:\users\dustin\projects\c++\spaceshooter\build\x64\debug\spaceshooter.tlog\fxc.read.1.tlog
c:\users\dustin\projects\c++\spaceshooter\build\x64\debug\spaceshooter.tlog\fxc.write.1.tlog
c:\users\dustin\projects\c++\spaceshooter\build\x64\debug\spaceshooter.tlog\link.command.1.tlog
c:\users\dustin\projects\c++\spaceshooter\build\x64\debug\spaceshooter.tlog\link.read.1.tlog
c:\users\dustin\projects\c++\spaceshooter\build\x64\debug\spaceshooter.tlog\link.write.1.tlog
c:\users\dustin\projects\c++\spaceshooter\build\x64\debug\spaceshooter.tlog\spaceshooter.write.1u.tlog
